\BOOKMARK [1][-]{section*.1}{\376\377\000C\000o\000n\000t\000e\000n\000t\000s}{}% 1
\BOOKMARK [1][-]{section.1}{\376\377\000I\000n\000t\000r\000o\000d\000u\000c\000t\000i\000o\000n}{}% 2
\BOOKMARK [1][-]{section.2}{\376\377\000W\000h\000a\000t\000\040\000i\000s\000\040\000t\000h\000e\000\040\000Q\000R\000\040\000A\000l\000g\000o\000r\000i\000t\000h\000m\000?\000\040\0005}{}% 3
\BOOKMARK [2][-]{subsection.2.1}{\376\377\000T\000h\000e\000\040\000b\000a\000s\000i\000c\000\040\000Q\000R\000\040\000a\000l\000g\000o\000r\000i\000t\000h\000m}{section.2}% 4
\BOOKMARK [2][-]{subsection.2.2}{\376\377\000T\000h\000e\000\040\000Q\000R\000\040\000A\000l\000g\000o\000r\000i\000t\000h\000m\000\040\000w\000i\000t\000h\000\040\000w\000e\000l\000l\000\040\000c\000h\000o\000s\000e\000n\000\040\000s\000h\000i\000f\000t\000s}{section.2}% 5
\BOOKMARK [3][-]{subsubsection.2.2.1}{\376\377\000R\000a\000y\000l\000e\000i\000g\000h\000\040\000Q\000u\000o\000t\000i\000e\000n\000t\000\040\000I\000t\000e\000r\000a\000t\000i\000o\000n\0009\000,\000\040\0001\0000}{subsection.2.2}% 6
\BOOKMARK [2][-]{subsection.2.3}{\376\377\000H\000o\000w\000\040\000t\000o\000\040\000f\000i\000n\000d\000\040\000t\000h\000e\000\040\000c\000o\000m\000p\000l\000e\000x\000\040\000e\000i\000g\000e\000n\000\040\000v\000a\000l\000u\000e\000s\000\040\000o\000f\000\040\000a\000\040\000r\000e\000a\000l\000\040\000m\000a\000t\000r\000i\000x\000?}{section.2}% 7
\BOOKMARK [1][-]{section.3}{\376\377\000S\000c\000h\000w\000a\000r\000z\000\040\000R\000u\000t\000i\000s\000h\000a\000u\000s\000e\000r\000\040\000A\000l\000g\000o\000r\000i\000t\000h\000m\000\040\000F\000o\000r\000\040\000Q\000R\000\040\000D\000e\000c\000o\000m\000p\000o\000s\000i\000t\000i\000o\000n\000\040\0007}{}% 8
\BOOKMARK [2][-]{subsection.3.1}{\376\377\000G\000r\000a\000m\000\040\000S\000c\000h\000m\000i\000d\000t\000\040\000A\000l\000g\000o\000r\000i\000t\000h\000m\000\040\000a\000n\000d\000\040\000i\000t\000s\000\040\000d\000r\000a\000w\000b\000a\000c\000k\000s}{section.3}% 9
\BOOKMARK [2][-]{subsection.3.2}{\376\377\000S\000c\000h\000w\000a\000r\000z\000\040\000R\000u\000t\000i\000s\000h\000a\000u\000s\000e\000r\000'\000s\000\040\000M\000G\000S}{section.3}% 10
\BOOKMARK [1][-]{section.4}{\376\377\000C\000o\000n\000v\000e\000r\000g\000e\000n\000c\000e\000\040\000a\000n\000d\000\040\000D\000e\000f\000l\000a\000t\000i\000o\000n}{}% 11
\BOOKMARK [2][-]{subsection.4.1}{\376\377\000C\000o\000n\000v\000e\000r\000g\000e\000n\000c\000e}{section.4}% 12
\BOOKMARK [3][-]{subsubsection.4.1.1}{\376\377\000C\000h\000e\000c\000k\000i\000n\000g\000\040\000w\000h\000e\000t\000h\000e\000r\000\040\000i\000t\000\040\000h\000a\000s\000\040\000b\000e\000c\000o\000m\000e\000\040\000U\000p\000p\000e\000r\000\040\000H\000e\000s\000s\000e\000n\000b\000e\000r\000g}{subsection.4.1}% 13
\BOOKMARK [3][-]{subsubsection.4.1.2}{\376\377\000C\000o\000n\000v\000e\000r\000g\000e\000n\000c\000e\000\040\000E\000p\000s\000i\000l\000o\000n}{subsection.4.1}% 14
\BOOKMARK [3][-]{subsubsection.4.1.3}{\376\377\000A\000l\000t\000e\000r\000n\000a\000t\000e\000\040\000C\000o\000n\000v\000e\000r\000g\000e\000n\000c\000e\000\040\000E\000p\000s\000i\000l\000o\000n}{subsection.4.1}% 15
\BOOKMARK [2][-]{subsection.4.2}{\376\377\000D\000e\000f\000l\000a\000t\000i\000o\000n}{section.4}% 16
\BOOKMARK [3][-]{subsubsection.4.2.1}{\376\377\000D\000e\000f\000l\000a\000t\000i\000o\000n\000\040}{subsection.4.2}% 17
\BOOKMARK [3][-]{subsubsection.4.2.2}{\376\377\000C\000h\000e\000c\000k\000i\000n\000g\000\040\000w\000h\000e\000t\000h\000e\000r\000\040\000i\000t\000\040\000h\000a\000s\000\040\000b\000e\000c\000o\000m\000e\000\040\000U\000p\000p\000e\000r\000\040\000H\000e\000s\000s\000e\000n\000b\000e\000r\000g\000\040\000P\000t\000.\000\040\0002}{subsection.4.2}% 18
\BOOKMARK [1][-]{section.5}{\376\377\000M\000a\000t\000r\000i\000x\000\040\000M\000u\000l\000t\000i\000p\000l\000i\000c\000a\000t\000i\000o\000n\000\040\000O\000p\000t\000i\000m\000i\000z\000a\000t\000i\000o\000n\000\040\0001\0002}{}% 19
\BOOKMARK [1][-]{section.6}{\376\377\000P\000e\000r\000f\000o\000r\000m\000a\000n\000c\000e\000\040\000O\000v\000e\000r\000v\000i\000e\000w}{}% 20
\BOOKMARK [2][-]{subsection.6.1}{\376\377\000\050\000R\000a\000n\000d\000o\000m\000l\000y\000\040\000G\000e\000n\000e\000r\000a\000t\000e\000d\000\051\000\040\000R\000e\000a\000l\000\040\000a\000n\000d\000\040\000S\000y\000m\000m\000e\000t\000r\000i\000c\000\040\000M\000a\000t\000r\000i\000c\000e\000s\000\040\000W\000i\000t\000h\000\040\000A\000g\000g\000r\000e\000s\000s\000i\000v\000e\000\040\000D\000e\000f\000l\000a\000t\000i\000o\000n}{section.6}% 21
\BOOKMARK [2][-]{subsection.6.2}{\376\377\000\050\000R\000a\000n\000d\000o\000m\000l\000y\000\040\000G\000e\000n\000e\000r\000a\000t\000e\000d\000\051\000\040\000R\000e\000a\000l\000\040\000a\000n\000d\000\040\000N\000o\000n\000-\000S\000y\000m\000m\000e\000t\000r\000i\000c\000\040\000M\000a\000t\000r\000i\000c\000e\000s\000\040\000W\000i\000t\000h\000\040\000A\000g\000g\000r\000e\000s\000s\000i\000v\000e\000\040\000D\000e\000f\000l\000a\000t\000i\000o\000n}{section.6}% 22
\BOOKMARK [2][-]{subsection.6.3}{\376\377\000\050\000R\000a\000n\000d\000o\000m\000l\000y\000\040\000G\000e\000n\000e\000r\000a\000t\000e\000d\000\051\000\040\000C\000o\000m\000p\000l\000e\000x\000\040\000a\000n\000d\000\040\000C\000o\000n\000j\000u\000g\000a\000t\000e\000\040\000S\000y\000m\000m\000e\000t\000r\000i\000c\000\040\000M\000a\000t\000r\000i\000c\000e\000s\000\040\000W\000i\000t\000h\000\040\000A\000g\000g\000r\000e\000s\000s\000i\000v\000e\000\040\000D\000e\000f\000l\000a\000t\000i\000o\000n}{section.6}% 23
\BOOKMARK [2][-]{subsection.6.4}{\376\377\000\050\000R\000a\000n\000d\000o\000m\000l\000y\000\040\000G\000e\000n\000e\000r\000a\000t\000e\000d\000\051\000\040\000C\000o\000m\000p\000l\000e\000x\000\040\000a\000n\000d\000\040\000N\000o\000n\000-\000S\000y\000m\000m\000e\000t\000r\000i\000c\000\040\000M\000a\000t\000r\000i\000c\000e\000s\000\040\000W\000i\000t\000h\000\040\000A\000g\000g\000r\000e\000s\000s\000i\000v\000e\000\040\000D\000e\000f\000l\000a\000t\000i\000o\000n}{section.6}% 24
\BOOKMARK [2][-]{subsection.6.5}{\376\377\000\050\000R\000a\000n\000d\000o\000m\000l\000y\000\040\000G\000e\000n\000e\000r\000a\000t\000e\000d\000\051\000\040\000R\000e\000a\000l\000\040\000a\000n\000d\000\040\000N\000o\000n\000-\000S\000y\000m\000m\000e\000t\000r\000i\000c\000\040\000M\000a\000t\000r\000i\000c\000e\000s\000\040\000W\000i\000t\000h\000o\000u\000t\000\040\000A\000g\000g\000r\000e\000s\000s\000i\000v\000e\000\040\000D\000e\000f\000l\000a\000t\000i\000o\000n}{section.6}% 25
\BOOKMARK [2][-]{subsection.6.6}{\376\377\000\050\000R\000a\000n\000d\000o\000m\000l\000y\000\040\000G\000e\000n\000e\000r\000a\000t\000e\000d\000\051\000\040\000C\000o\000m\000p\000l\000e\000x\000\040\000a\000n\000d\000\040\000N\000o\000n\000-\000S\000y\000m\000m\000e\000t\000r\000i\000c\000\040\000M\000a\000t\000r\000i\000c\000e\000s\000\040\000W\000i\000t\000h\000o\000u\000t\000\040\000A\000g\000g\000r\000e\000s\000s\000i\000v\000e\000\040\000D\000e\000f\000l\000a\000t\000i\000o\000n}{section.6}% 26
\BOOKMARK [2][-]{subsection.6.7}{\376\377\000C\000o\000m\000p\000a\000r\000i\000s\000o\000n\000\040\000O\000f\000\040\000A\000g\000g\000r\000e\000s\000s\000i\000v\000e\000\040\000a\000n\000d\000\040\000N\000o\000n\000\040\000A\000g\000r\000e\000s\000s\000i\000v\000e\000\040\000D\000e\000f\000l\000a\000t\000i\000o\000n\000\040\000i\000n\000\040\000R\000a\000n\000d\000o\000m\000\040\000R\000e\000a\000l\000\040\000M\000a\000t\000r\000i\000c\000e\000s}{section.6}% 27
\BOOKMARK [2][-]{subsection.6.8}{\376\377\000C\000o\000m\000p\000a\000r\000i\000s\000o\000n\000\040\000O\000f\000\040\000A\000g\000g\000r\000e\000s\000s\000i\000v\000e\000\040\000a\000n\000d\000\040\000N\000o\000n\000\040\000A\000g\000r\000e\000s\000s\000i\000v\000e\000\040\000D\000e\000f\000l\000a\000t\000i\000o\000n\000\040\000i\000n\000\040\000R\000a\000n\000d\000o\000m\000\040\000C\000o\000m\000p\000l\000e\000x\000\040\000M\000a\000t\000r\000i\000c\000e\000s}{section.6}% 28
\BOOKMARK [1][-]{section.7}{\376\377\000T\000i\000m\000e\000\040\000C\000o\000m\000p\000l\000e\000x\000i\000t\000y\000\040\000A\000n\000a\000l\000y\000s\000i\000s}{}% 29
\BOOKMARK [1][-]{section.8}{\376\377\000C\000o\000d\000e\000\040\000O\000v\000e\000r\000v\000i\000e\000w}{}% 30
\BOOKMARK [2][-]{subsection.8.1}{\376\377\000H\000e\000a\000d\000e\000r\000\040\000I\000n\000c\000l\000u\000s\000i\000o\000n\000s}{section.8}% 31
\BOOKMARK [2][-]{subsection.8.2}{\376\377\000G\000l\000o\000b\000a\000l\000\040\000C\000o\000n\000s\000t\000a\000n\000t\000s\000\040\000a\000n\000d\000\040\000V\000a\000r\000i\000a\000b\000l\000e\000s}{section.8}% 32
\BOOKMARK [2][-]{subsection.8.3}{\376\377\000E\000v\000i\000l\000\040\000F\000u\000n\000c\000t\000i\000o\000n\000s\000\040\000\050\000C\000o\000m\000p\000l\000e\000x\000\040\000A\000r\000i\000t\000h\000m\000e\000t\000i\000c\000\051}{section.8}% 33
\BOOKMARK [3][-]{subsubsection.8.3.1}{\376\377\000E\000v\000i\000l\000\040\000A\000d\000d\000i\000t\000i\000o\000n}{subsection.8.3}% 34
\BOOKMARK [3][-]{subsubsection.8.3.2}{\376\377\000E\000v\000i\000l\000\040\000S\000u\000b\000t\000r\000a\000c\000t\000i\000o\000n}{subsection.8.3}% 35
\BOOKMARK [3][-]{subsubsection.8.3.3}{\376\377\000E\000v\000i\000l\000\040\000M\000u\000l\000t\000i\000p\000l\000i\000c\000a\000t\000i\000o\000n}{subsection.8.3}% 36
\BOOKMARK [3][-]{subsubsection.8.3.4}{\376\377\000E\000v\000i\000l\000\040\000D\000i\000v\000i\000s\000i\000o\000n}{subsection.8.3}% 37
\BOOKMARK [3][-]{subsubsection.8.3.5}{\376\377\000E\000v\000i\000l\000\040\000S\000q\000u\000a\000r\000e\000d\000\040\000M\000a\000g\000n\000i\000t\000u\000d\000e}{subsection.8.3}% 38
\BOOKMARK [3][-]{subsubsection.8.3.6}{\376\377\000E\000v\000i\000l\000\040\000C\000o\000n\000j\000u\000g\000a\000t\000e}{subsection.8.3}% 39
\BOOKMARK [3][-]{subsubsection.8.3.7}{\376\377\000E\000v\000i\000l\000\040\000S\000c\000a\000l\000e\000d\000\040\000C\000o\000m\000p\000l\000e\000x}{subsection.8.3}% 40
\BOOKMARK [3][-]{subsubsection.8.3.8}{\376\377\000E\000v\000i\000l\000\040\000E\000q\000u\000a\000t\000o\000r}{subsection.8.3}% 41
\BOOKMARK [3][-]{subsubsection.8.3.9}{\376\377\000E\000q\000u\000a\000l\000i\000t\000y\000\040\000C\000h\000e\000c\000k\000e\000r}{subsection.8.3}% 42
\BOOKMARK [3][-]{subsubsection.8.3.10}{\376\377\000E\000v\000i\000l\000\040\000S\000q\000u\000a\000r\000e\000\040\000R\000o\000o\000t\000\040\000c\000a\000l\000c\000u\000l\000a\000t\000o\000r}{subsection.8.3}% 43
\BOOKMARK [2][-]{subsection.8.4}{\376\377\000M\000a\000t\000r\000i\000x\000\040\000A\000n\000d\000\040\000V\000e\000c\000t\000o\000r\000\040\000F\000u\000n\000c\000t\000i\000o\000n\000s}{section.8}% 44
\BOOKMARK [3][-]{subsubsection.8.4.1}{\376\377\000N\000u\000l\000l\000e\000r\000\040\000F\000u\000n\000c\000t\000i\000o\000n}{subsection.8.4}% 45
\BOOKMARK [3][-]{subsubsection.8.4.2}{\376\377\000M\000a\000t\000r\000i\000x\000\040\000M\000u\000l\000t\000i\000p\000l\000i\000c\000a\000t\000i\000o\000n}{subsection.8.4}% 46
\BOOKMARK [3][-]{subsubsection.8.4.3}{\376\377\000M\000a\000t\000r\000i\000x\000\040\000S\000c\000a\000l\000i\000n\000g}{subsection.8.4}% 47
\BOOKMARK [3][-]{subsubsection.8.4.4}{\376\377\000M\000a\000t\000r\000i\000x\000\040\000A\000d\000d\000i\000t\000i\000o\000n}{subsection.8.4}% 48
\BOOKMARK [3][-]{subsubsection.8.4.5}{\376\377\000M\000a\000t\000r\000i\000x\000\040\000S\000u\000b\000t\000r\000a\000c\000t\000i\000o\000n}{subsection.8.4}% 49
\BOOKMARK [3][-]{subsubsection.8.4.6}{\376\377\000M\000a\000t\000r\000i\000x\000\040\000E\000Y\000E}{subsection.8.4}% 50
\BOOKMARK [3][-]{subsubsection.8.4.7}{\376\377\000V\000e\000c\000t\000o\000r\000\040\000I\000n\000s\000e\000r\000t\000i\000o\000n}{subsection.8.4}% 51
\BOOKMARK [3][-]{subsubsection.8.4.8}{\376\377\000V\000e\000c\000t\000o\000r\000\040\000E\000x\000t\000r\000a\000c\000t\000i\000o\000n}{subsection.8.4}% 52
\BOOKMARK [3][-]{subsubsection.8.4.9}{\376\377\000C\000o\000m\000p\000l\000e\000x\000\040\000I\000n\000n\000e\000r\000\040\000P\000r\000o\000d\000u\000c\000t}{subsection.8.4}% 53
\BOOKMARK [3][-]{subsubsection.8.4.10}{\376\377\000C\000o\000m\000p\000l\000e\000x\000\040\000N\000o\000r\000m}{subsection.8.4}% 54
\BOOKMARK [3][-]{subsubsection.8.4.11}{\376\377\000M\000a\000t\000r\000i\000x\000\040\000P\000r\000i\000n\000t\000i\000n\000g\000\040\000F\000u\000n\000c\000t\000i\000o\000n}{subsection.8.4}% 55
\BOOKMARK [3][-]{subsubsection.8.4.12}{\376\377\000V\000e\000c\000t\000o\000r\000\040\000P\000r\000i\000n\000t\000i\000n\000g\000\040\000F\000u\000n\000c\000t\000i\000o\000n}{subsection.8.4}% 56
\BOOKMARK [2][-]{subsection.8.5}{\376\377\000C\000o\000n\000v\000e\000r\000g\000e\000n\000c\000e\000\040\000F\000u\000n\000c\000t\000i\000o\000n\000s}{section.8}% 57
\BOOKMARK [3][-]{subsubsection.8.5.1}{\376\377\000P\000r\000i\000n\000c\000i\000p\000a\000l\000\040\000D\000i\000a\000g\000o\000n\000a\000l\000\040\000a\000n\000d\000\040\000S\000u\000b\000d\000i\000a\000g\000o\000n\000a\000l\000\040\000E\000x\000t\000r\000a\000c\000t\000o\000r}{subsection.8.5}% 58
\BOOKMARK [3][-]{subsubsection.8.5.2}{\376\377\000P\000r\000i\000n\000c\000i\000p\000a\000l\000\040\000D\000i\000a\000g\000o\000n\000a\000l\000\040\000a\000n\000d\000\040\000S\000u\000b\000d\000i\000a\000g\000o\000n\000a\000l\000\040\000U\000p\000d\000a\000t\000e\000r}{subsection.8.5}% 59
\BOOKMARK [3][-]{subsubsection.8.5.3}{\376\377\000P\000r\000i\000n\000c\000i\000p\000a\000l\000\040\000D\000i\000a\000g\000o\000n\000a\000l\000\040\000a\000n\000d\000\040\000S\000u\000b\000d\000i\000a\000g\000o\000n\000a\000l\000\040\000D\000i\000v\000e\000r\000g\000e\000n\000c\000e\000\040\000V\000e\000c\000t\000o\000r\000\040\000C\000a\000l\000c\000u\000l\000a\000t\000o\000r}{subsection.8.5}% 60
\BOOKMARK [3][-]{subsubsection.8.5.4}{\376\377\000H\000e\000s\000s\000e\000n\000b\000e\000r\000g\000\040\000C\000h\000e\000c\000k\000i\000n\000g\000\040\000F\000u\000n\000c\000t\000i\000o\000n}{subsection.8.5}% 61
\BOOKMARK [3][-]{subsubsection.8.5.5}{\376\377\000C\000o\000n\000v\000e\000r\000g\000e\000n\000c\000e\000\040\000C\000h\000e\000c\000k\000i\000n\000g\000\040\000F\000u\000n\000c\000t\000i\000o\000n}{subsection.8.5}% 62
\BOOKMARK [2][-]{subsection.8.6}{\376\377\000D\000e\000f\000l\000a\000t\000i\000o\000n\000\040\000F\000u\000n\000c\000t\000i\000o\000n\000s}{section.8}% 63
\BOOKMARK [3][-]{subsubsection.8.6.1}{\376\377\000M\000a\000t\000r\000i\000x\000\040\000D\000e\000f\000l\000a\000t\000e}{subsection.8.6}% 64
\BOOKMARK [2][-]{subsection.8.7}{\376\377\000E\000i\000g\000e\000n\000\040\000V\000a\000l\000u\000e\000\040\000R\000e\000l\000e\000v\000a\000n\000t\000\040\000F\000u\000n\000c\000t\000i\000o\000n\000s}{section.8}% 65
\BOOKMARK [3][-]{subsubsection.8.7.1}{\376\377\000N\000a\000i\000v\000e\000\040\000S\000c\000h\000u\000r\000\040\000C\000a\000l\000c\000u\000l\000a\000t\000i\000o\000n}{subsection.8.7}% 66
\BOOKMARK [3][-]{subsubsection.8.7.2}{\376\377\000S\000c\000h\000u\000r\000\040\000C\000a\000l\000c\000u\000l\000a\000t\000i\000o\000n\000\040\000w\000i\000t\000h\000\040\000S\000h\000i\000f\000t\000s}{subsection.8.7}% 67
\BOOKMARK [3][-]{subsubsection.8.7.3}{\376\377\000E\000i\000g\000e\000n\000\040\000V\000a\000l\000u\000e\000\040\000C\000a\000l\000c\000u\000l\000a\000t\000o\000r\000\040\000F\000r\000o\000m\000\040\000S\000c\000h\000u\000r}{subsection.8.7}% 68
\BOOKMARK [2][-]{subsection.8.8}{\376\377\000m\000a\000i\000n\000\050\000\040\000v\000o\000i\000d\000\040\000\051}{section.8}% 69
\BOOKMARK [2][-]{subsection.8.9}{\376\377\000E\000x\000e\000c\000u\000t\000i\000o\000n\000\040\000S\000c\000r\000i\000p\000t}{section.8}% 70
\BOOKMARK [2][-]{subsection.8.10}{\376\377\000D\000a\000t\000a\000\040\000C\000o\000l\000l\000e\000c\000t\000i\000o\000n\000\040\000S\000c\000r\000i\000p\000t}{section.8}% 71
\BOOKMARK [1][-]{section.9}{\376\377\000P\000e\000r\000f\000o\000r\000m\000a\000n\000c\000e\000\040\000C\000o\000n\000s\000i\000d\000e\000r\000a\000t\000i\000o\000n\000s}{}% 72
\BOOKMARK [1][-]{section.10}{\376\377\000R\000e\000f\000e\000r\000e\000n\000c\000e\000s}{}% 73
\BOOKMARK [1][-]{section*.11}{\376\377\000R\000e\000f\000e\000r\000e\000n\000c\000e\000s}{}% 74
